#
# There is insufficient memory for the Java Runtime Environment to continue.
# Native memory allocation (malloc) failed to allocate 1047536 bytes. Error detail: Chunk::new
# Possible reasons:
#   The system is out of physical RAM or swap space
#   This process is running with CompressedOops enabled, and the Java Heap may be blocking the growth of the native heap
# Possible solutions:
#   Reduce memory load on the system
#   Increase physical memory or swap space
#   Check if swap backing store is full
#   Decrease Java heap size (-Xmx/-Xms)
#   Decrease number of Java threads
#   Decrease Java thread stack sizes (-Xss)
#   Set larger code cache with -XX:ReservedCodeCacheSize=
#   JVM is running with Unscaled Compressed Oops mode in which the Java heap is
#     placed in the first 4GB address space. The Java Heap base address is the
#     maximum limit for the native heap growth. Please use -XX:HeapBaseMinAddress
#     to set the Java Heap base and to place the Java Heap above 4GB virtual address.
# This output file may be truncated or incomplete.
#
#  Out of Memory Error (arena.cpp:168), pid=25116, tid=34456
#
# JRE version: OpenJDK Runtime Environment Temurin-21.0.10+7 (21.0.10+7) (build 21.0.10+7-LTS)
# Java VM: OpenJDK 64-Bit Server VM Temurin-21.0.10+7 (21.0.10+7-LTS, mixed mode, sharing, tiered, compressed oops, compressed class ptrs, parallel gc, windows-amd64)
# No core dump will be written. Minidumps are not enabled by default on client versions of Windows
#

---------------  S U M M A R Y ------------

Command Line: --add-modules=ALL-SYSTEM --add-opens=java.base/java.util=ALL-UNNAMED --add-opens=java.base/java.lang=ALL-UNNAMED --add-opens=java.base/sun.nio.fs=ALL-UNNAMED -Declipse.application=org.eclipse.jdt.ls.core.id1 -Dosgi.bundles.defaultStartLevel=4 -Declipse.product=org.eclipse.jdt.ls.core.product -Djava.import.generatesMetadataFilesAtProjectRoot=false -DDetectVMInstallationsJob.disabled=true -Dfile.encoding=utf8 -XX:+UseParallelGC -XX:GCTimeRatio=4 -XX:AdaptiveSizePolicyWeight=90 -Dsun.zip.disableMemoryMapping=true -Xmx2G -Xms100m -Xlog:disable -javaagent:c:\Users\quyen\.vscode\extensions\redhat.java-1.53.0-win32-x64\lombok\lombok-1.18.39-4050.jar -XX:+HeapDumpOnOutOfMemoryError -XX:HeapDumpPath=c:\Users\quyen\AppData\Roaming\Code\User\workspaceStorage\d5fe8ed3e983187651f215046a6fcea9\redhat.java -Daether.dependencyCollector.impl=bf c:\Users\quyen\.vscode\extensions\redhat.java-1.53.0-win32-x64\server\plugins\org.eclipse.equinox.launcher_1.7.100.v20251111-0406.jar -configuration c:\Users\quyen\AppData\Roaming\Code\User\globalStorage\redhat.java\1.53.0\config_win -data c:\Users\quyen\AppData\Roaming\Code\User\workspaceStorage\d5fe8ed3e983187651f215046a6fcea9\redhat.java\jdt_ws --pipe=\\.\pipe\lsp-39e91c7065cff6dbe62cf5ed5fecde9f-sock

Host: 11th Gen Intel(R) Core(TM) i3-1115G4 @ 3.00GHz, 4 cores, 7G,  Windows 11 , 64 bit Build 22621 (10.0.22621.5415)
Time: Wed Apr 15 09:46:00 2026 SE Asia Standard Time elapsed time: 260.701800 seconds (0d 0h 4m 20s)

---------------  T H R E A D  ---------------

Current thread (0x000001ec5b6681e0):  JavaThread "C2 CompilerThread0" daemon [_thread_in_native, id=34456, stack(0x000000b5f2000000,0x000000b5f2100000) (1024K)]


Current CompileTask:
C2:260701 12404       4       org.eclipse.jdt.internal.compiler.lookup.LookupEnvironment::getTypeFromSignature (376 bytes)

Stack: [0x000000b5f2000000,0x000000b5f2100000]
Native frames: (J=compiled Java code, j=interpreted, Vv=VM code, C=native code)
V  [jvm.dll+0x6d7a39]
V  [jvm.dll+0x8b4b26]
V  [jvm.dll+0x8b70de]
V  [jvm.dll+0x8b77c3]
V  [jvm.dll+0x284346]
V  [jvm.dll+0xc66ed]
V  [jvm.dll+0xc6c31]
V  [jvm.dll+0x3bec01]
V  [jvm.dll+0x1e3f69]
V  [jvm.dll+0x24c6b3]
V  [jvm.dll+0x24bb40]
V  [jvm.dll+0x1cb34e]
V  [jvm.dll+0x25b85d]
V  [jvm.dll+0x259dea]
V  [jvm.dll+0x3f857e]
V  [jvm.dll+0x85f59d]
V  [jvm.dll+0x6d626d]
C  [ucrtbase.dll+0x29333]
C  [KERNEL32.DLL+0x1259d]
C  [ntdll.dll+0x5af78]


---------------  P R O C E S S  ---------------

Threads class SMR info:
_java_thread_list=0x000001ec7a96c0f0, length=37, elements={
0x000001ec5b76e390, 0x000001ec5b65c9c0, 0x000001ec5b65e3c0, 0x000001ec5b6604e0,
0x000001ec5b661770, 0x000001ec5b663630, 0x000001ec5b664380, 0x000001ec5b6681e0,
0x000001ec5b6d8cd0, 0x000001ec7712a1b0, 0x000001ec7726cca0, 0x000001ec77af9330,
0x000001ec77b0e630, 0x000001ec77b0eca0, 0x000001ec779e87b0, 0x000001ec77dffbf0,
0x000001ec77e00280, 0x000001ec77e00910, 0x000001ec78e7e330, 0x000001ec78e7d610,
0x000001ec78e7c260, 0x000001ec78e7e9c0, 0x000001ec78e79470, 0x000001ec78e7dca0,
0x000001ec78e7a820, 0x000001ec78e79b00, 0x000001ec78e780c0, 0x000001ec78e7bbd0,
0x000001ec78e7f6e0, 0x000001ec78e7c8f0, 0x000001ec7a9347b0, 0x000001ec7a936f10,
0x000001ec7a936880, 0x000001ec7a933400, 0x000001ec7a9354d0, 0x000001ec7a935b60,
0x000001ec7a9375a0
}

Java Threads: ( => current thread )
  0x000001ec5b76e390 JavaThread "main"                              [_thread_blocked, id=30936, stack(0x000000b5f1600000,0x000000b5f1700000) (1024K)]
  0x000001ec5b65c9c0 JavaThread "Reference Handler"          daemon [_thread_blocked, id=30160, stack(0x000000b5f1a00000,0x000000b5f1b00000) (1024K)]
  0x000001ec5b65e3c0 JavaThread "Finalizer"                  daemon [_thread_blocked, id=33112, stack(0x000000b5f1b00000,0x000000b5f1c00000) (1024K)]
  0x000001ec5b6604e0 JavaThread "Signal Dispatcher"          daemon [_thread_blocked, id=7276, stack(0x000000b5f1c00000,0x000000b5f1d00000) (1024K)]
  0x000001ec5b661770 JavaThread "Attach Listener"            daemon [_thread_blocked, id=31928, stack(0x000000b5f1d00000,0x000000b5f1e00000) (1024K)]
  0x000001ec5b663630 JavaThread "Service Thread"             daemon [_thread_blocked, id=25700, stack(0x000000b5f1e00000,0x000000b5f1f00000) (1024K)]
  0x000001ec5b664380 JavaThread "Monitor Deflation Thread"   daemon [_thread_blocked, id=25072, stack(0x000000b5f1f00000,0x000000b5f2000000) (1024K)]
=>0x000001ec5b6681e0 JavaThread "C2 CompilerThread0"         daemon [_thread_in_native, id=34456, stack(0x000000b5f2000000,0x000000b5f2100000) (1024K)]
  0x000001ec5b6d8cd0 JavaThread "C1 CompilerThread0"         daemon [_thread_blocked, id=9580, stack(0x000000b5f2100000,0x000000b5f2200000) (1024K)]
  0x000001ec7712a1b0 JavaThread "Common-Cleaner"             daemon [_thread_blocked, id=15992, stack(0x000000b5f2200000,0x000000b5f2300000) (1024K)]
  0x000001ec7726cca0 JavaThread "Notification Thread"        daemon [_thread_blocked, id=15828, stack(0x000000b5f2300000,0x000000b5f2400000) (1024K)]
  0x000001ec77af9330 JavaThread "Active Thread: Equinox Container: db8e0efe-4b22-45a0-9dd6-ff55610d7519"        [_thread_blocked, id=29488, stack(0x000000b5f2400000,0x000000b5f2500000) (1024K)]
  0x000001ec77b0e630 JavaThread "Framework Event Dispatcher: Equinox Container: db8e0efe-4b22-45a0-9dd6-ff55610d7519" daemon [_thread_blocked, id=768, stack(0x000000b5f2c00000,0x000000b5f2d00000) (1024K)]
  0x000001ec77b0eca0 JavaThread "Start Level: Equinox Container: db8e0efe-4b22-45a0-9dd6-ff55610d7519" daemon [_thread_blocked, id=31716, stack(0x000000b5f2d00000,0x000000b5f2e00000) (1024K)]
  0x000001ec779e87b0 JavaThread "Bundle File Closer"         daemon [_thread_blocked, id=28760, stack(0x000000b5f2f00000,0x000000b5f3000000) (1024K)]
  0x000001ec77dffbf0 JavaThread "Refresh Thread: Equinox Container: db8e0efe-4b22-45a0-9dd6-ff55610d7519" daemon [_thread_blocked, id=21336, stack(0x000000b5f3000000,0x000000b5f3100000) (1024K)]
  0x000001ec77e00280 JavaThread "SCR Component Actor"        daemon [_thread_blocked, id=25660, stack(0x000000b5f2800000,0x000000b5f2900000) (1024K)]
  0x000001ec77e00910 JavaThread "Worker-JM"                         [_thread_blocked, id=10224, stack(0x000000b5f2900000,0x000000b5f2a00000) (1024K)]
  0x000001ec78e7e330 JavaThread "Worker-1"                          [_thread_blocked, id=18560, stack(0x000000b5f2b00000,0x000000b5f2c00000) (1024K)]
  0x000001ec78e7d610 JavaThread "Java indexing"              daemon [_thread_blocked, id=14500, stack(0x000000b5f3300000,0x000000b5f3400000) (1024K)]
  0x000001ec78e7c260 JavaThread "JNA Cleaner"                daemon [_thread_blocked, id=34684, stack(0x000000b5f3400000,0x000000b5f3500000) (1024K)]
  0x000001ec78e7e9c0 JavaThread "Worker-4"                          [_thread_blocked, id=732, stack(0x000000b5f3500000,0x000000b5f3600000) (1024K)]
  0x000001ec78e79470 JavaThread "Thread-1"                   daemon [_thread_in_native, id=18472, stack(0x000000b5f3700000,0x000000b5f3800000) (1024K)]
  0x000001ec78e7dca0 JavaThread "Thread-2"                   daemon [_thread_in_native, id=20876, stack(0x000000b5f3800000,0x000000b5f3900000) (1024K)]
  0x000001ec78e7a820 JavaThread "Thread-3"                   daemon [_thread_in_native, id=3400, stack(0x000000b5f3900000,0x000000b5f3a00000) (1024K)]
  0x000001ec78e79b00 JavaThread "Thread-4"                   daemon [_thread_in_native, id=14344, stack(0x000000b5f3a00000,0x000000b5f3b00000) (1024K)]
  0x000001ec78e780c0 JavaThread "Thread-5"                   daemon [_thread_in_native, id=15348, stack(0x000000b5f3b00000,0x000000b5f3c00000) (1024K)]
  0x000001ec78e7bbd0 JavaThread "pool-2-thread-1"                   [_thread_blocked, id=26080, stack(0x000000b5f3c00000,0x000000b5f3d00000) (1024K)]
  0x000001ec78e7f6e0 JavaThread "WorkspaceEventsHandler"            [_thread_blocked, id=29632, stack(0x000000b5f3e00000,0x000000b5f3f00000) (1024K)]
  0x000001ec78e7c8f0 JavaThread "pool-1-thread-1"                   [_thread_blocked, id=34768, stack(0x000000b5f3f00000,0x000000b5f4000000) (1024K)]
  0x000001ec7a9347b0 JavaThread "pool-3-thread-1"                   [_thread_blocked, id=12240, stack(0x000000b5f2e00000,0x000000b5f2f00000) (1024K)]
  0x000001ec7a936f10 JavaThread "ForkJoinPool.commonPool-worker-2" daemon [_thread_blocked, id=1288, stack(0x000000b5f4300000,0x000000b5f4400000) (1024K)]
  0x000001ec7a936880 JavaThread "Compiler Source File Reader" daemon [_thread_blocked, id=33904, stack(0x000000b5f4500000,0x000000b5f4600000) (1024K)]
  0x000001ec7a933400 JavaThread "Cleaner-0"                  daemon [_thread_blocked, id=6684, stack(0x000000b5f4700000,0x000000b5f4800000) (1024K)]
  0x000001ec7a9354d0 JavaThread "Compiler Source File Reader" daemon [_thread_blocked, id=26572, stack(0x000000b5f4800000,0x000000b5f4900000) (1024K)]
  0x000001ec7a935b60 JavaThread "ForkJoinPool.commonPool-worker-4" daemon [_thread_blocked, id=31464, stack(0x000000b5f1400000,0x000000b5f1500000) (1024K)]
  0x000001ec7a9375a0 JavaThread "ForkJoinPool.commonPool-worker-5" daemon [_thread_blocked, id=33976, stack(0x000000b5f1500000,0x000000b5f1600000) (1024K)]
Total: 37

Other Threads:
  0x000001ec5b63fdc0 VMThread "VM Thread"                           [id=7120, stack(0x000000b5f1900000,0x000000b5f1a00000) (1024K)]
  0x000001ec5b7d9860 WatcherThread "VM Periodic Task Thread"        [id=17592, stack(0x000000b5f1800000,0x000000b5f1900000) (1024K)]
  0x000001ec5b78cb00 WorkerThread "GC Thread#0"                     [id=24636, stack(0x000000b5f1700000,0x000000b5f1800000) (1024K)]
  0x000001ec7758d8b0 WorkerThread "GC Thread#1"                     [id=27288, stack(0x000000b5f2500000,0x000000b5f2600000) (1024K)]
  0x000001ec7738bce0 WorkerThread "GC Thread#2"                     [id=20472, stack(0x000000b5f2600000,0x000000b5f2700000) (1024K)]
  0x000001ec7738c090 WorkerThread "GC Thread#3"                     [id=14960, stack(0x000000b5f2700000,0x000000b5f2800000) (1024K)]
Total: 6

Threads with active compile tasks:
C2 CompilerThread0  260741 12404       4       org.eclipse.jdt.internal.compiler.lookup.LookupEnvironment::getTypeFromSignature (376 bytes)
Total: 1

VM state: at safepoint (normal execution)

VM Mutex/Monitor currently owned by a thread:  ([mutex/lock_event])
[0x00007ffb797de560] Threads_lock - owner thread: 0x000001ec5b63fdc0
[0x00007ffb797de660] Heap_lock - owner thread: 0x000001ec7a935b60

Heap address: 0x0000000080000000, size: 2048 MB, Compressed Oops mode: 32-bit

CDS archive(s) mapped at: [0x000001ec00000000-0x000001ec00ba0000-0x000001ec00ba0000), size 12189696, SharedBaseAddress: 0x000001ec00000000, ArchiveRelocationMode: 1.
Compressed class space mapped at: 0x000001ec01000000-0x000001ec41000000, reserved size: 1073741824
Narrow klass base: 0x000001ec00000000, Narrow klass shift: 0, Narrow klass range: 0x100000000

GC Precious Log:
 CardTable entry size: 512
 CPUs: 4 total, 4 available
 Memory: 7930M
 Large Page Support: Disabled
 NUMA Support: Disabled
 Compressed Oops: Enabled (32-bit)
 Alignments: Space 512K, Generation 512K, Heap 2M
 Heap Min Capacity: 100M
 Heap Initial Capacity: 100M
 Heap Max Capacity: 2G
 Pre-touch: Disabled
 Parallel Workers: 4

Heap:
 PSYoungGen      total 4608K, used 4276K [0x00000000d5580000, 0x00000000d5d00000, 0x0000000100000000)
  eden space 3584K, 100% used [0x00000000d5580000,0x00000000d5900000,0x00000000d5900000)
  from space 1024K, 67% used [0x00000000d5b00000,0x00000000d5bad200,0x00000000d5c00000)
  to   space 1024K, 97% used [0x00000000d5c00000,0x00000000d5cf9e80,0x00000000d5d00000)
 ParOldGen       total 831488K, used 831486K [0x0000000080000000, 0x00000000b2c00000, 0x00000000d5580000)
  object space 831488K, 99% used [0x0000000080000000,0x00000000b2bff9c8,0x00000000b2c00000)
 Metaspace       used 72786K, committed 74240K, reserved 1179648K
  class space    used 7796K, committed 8448K, reserved 1048576K

Card table byte_map: [0x000001ec5b110000,0x000001ec5b520000] _byte_map_base: 0x000001ec5ad10000

Marking Bits: (ParMarkBitMap*) 0x00007ffb797e3450
 Begin Bits: [0x000001ec6dc20000, 0x000001ec6fc20000)
 End Bits:   [0x000001ec6fc20000, 0x000001ec71c20000)

Polling page: 0x000001ec595b0000

Metaspace:

Usage:
  Non-class:     63.47 MB used.
      Class:      7.61 MB used.
       Both:     71.08 MB used.

Virtual space:
  Non-class space:      128.00 MB reserved,      64.25 MB ( 50%) committed,  2 nodes.
      Class space:        1.00 GB reserved,       8.25 MB ( <1%) committed,  1 nodes.
             Both:        1.12 GB reserved,      72.50 MB (  6%) committed. 

Chunk freelists:
   Non-Class:  15.38 MB
       Class:  7.70 MB
        Both:  23.08 MB

MaxMetaspaceSize: unlimited
CompressedClassSpaceSize: 1.00 GB
Initial GC threshold: 21.00 MB
Current GC threshold: 97.31 MB
CDS: on
 - commit_granule_bytes: 65536.
 - commit_granule_words: 8192.
 - virtual_space_node_default_size: 8388608.
 - enlarge_chunks_in_place: 1.
 - use_allocation_guard: 0.


Internal statistics:

num_allocs_failed_limit: 9.
num_arena_births: 1132.
num_arena_deaths: 14.
num_vsnodes_births: 3.
num_vsnodes_deaths: 0.
num_space_committed: 1160.
num_space_uncommitted: 0.
num_chunks_returned_to_freelist: 23.
num_chunks_taken_from_freelist: 4295.
num_chunk_merges: 13.
num_chunk_splits: 2680.
num_chunks_enlarged: 1549.
num_inconsistent_stats: 0.

CodeHeap 'non-profiled nmethods': size=120000Kb used=13108Kb max_used=13108Kb free=106891Kb
 bounds [0x000001ec66440000, 0x000001ec67110000, 0x000001ec6d970000]
CodeHeap 'profiled nmethods': size=120000Kb used=26915Kb max_used=26915Kb free=93084Kb
 bounds [0x000001ec5e970000, 0x000001ec603c0000, 0x000001ec65ea0000]
CodeHeap 'non-nmethods': size=5760Kb used=1504Kb max_used=1565Kb free=4256Kb
 bounds [0x000001ec65ea0000, 0x000001ec66110000, 0x000001ec66440000]
CodeCache: size=245760Kb, used=41527Kb, max_used=41588Kb, free=204231Kb
 total_blobs=12320, nmethods=11502, adapters=723, full_count=0
Compilation: enabled, stopped_count=0, restarted_count=0

Compilation events (20 events):
Event: 260.678 Thread 0x000001ec5b6d8cd0 12442       2       org.eclipse.jdt.internal.compiler.impl.CompilerOptions::getSeverity (74 bytes)
Event: 260.678 Thread 0x000001ec5b6d8cd0 nmethod 12442 0x000001ec603a5d90 code [0x000001ec603a5f60, 0x000001ec603a6258]
Event: 260.679 Thread 0x000001ec5b6d8cd0 12443       2       org.eclipse.jdt.internal.codeassist.complete.CompletionParser::isInsideAnnotation (32 bytes)
Event: 260.679 Thread 0x000001ec5b6d8cd0 nmethod 12443 0x000001ec603a6490 code [0x000001ec603a6640, 0x000001ec603a6830]
Event: 260.679 Thread 0x000001ec5b6d8cd0 12444       2       org.eclipse.jdt.internal.codeassist.impl.AssistParser::isInsideAttributeValue (62 bytes)
Event: 260.679 Thread 0x000001ec5b6d8cd0 nmethod 12444 0x000001ec603a6990 code [0x000001ec603a6b60, 0x000001ec603a6e00]
Event: 260.679 Thread 0x000001ec5b6d8cd0 12445   !   2       org.eclipse.jdt.internal.codeassist.complete.CompletionParser::$SWITCH_TABLE$org$eclipse$jdt$internal$compiler$parser$TerminalToken (2065 bytes)
Event: 260.684 Thread 0x000001ec5b6d8cd0 nmethod 12445 0x000001ec603a6f10 code [0x000001ec603a7460, 0x000001ec603aa398]
Event: 260.684 Thread 0x000001ec5b6d8cd0 12448       2       org.eclipse.jdt.internal.compiler.lookup.Scope::enclosingSourceType (31 bytes)
Event: 260.685 Thread 0x000001ec5b6d8cd0 nmethod 12448 0x000001ec603af510 code [0x000001ec603af6c0, 0x000001ec603af918]
Event: 260.685 Thread 0x000001ec5b6d8cd0 12447   !   2       org.eclipse.jdt.internal.codeassist.impl.AssistParser::$SWITCH_TABLE$org$eclipse$jdt$internal$compiler$parser$TerminalToken (2065 bytes)
Event: 260.689 Thread 0x000001ec5b6d8cd0 nmethod 12447 0x000001ec603afa90 code [0x000001ec603affe0, 0x000001ec603b2f18]
Event: 260.689 Thread 0x000001ec5b6d8cd0 12450       2       org.eclipse.jdt.internal.compiler.lookup.LookupEnvironment::createBinaryTypeFrom (106 bytes)
Event: 260.694 Thread 0x000001ec5b6d8cd0 nmethod 12450 0x000001ec603b8090 code [0x000001ec603b82c0, 0x000001ec603b8760]
Event: 260.694 Thread 0x000001ec5b6d8cd0 12446       2       org.eclipse.jdt.internal.compiler.lookup.Scope::module (8 bytes)
Event: 260.694 Thread 0x000001ec5b6d8cd0 nmethod 12446 0x000001ec603b8a90 code [0x000001ec603b8c20, 0x000001ec603b8d38]
Event: 260.694 Thread 0x000001ec5b6d8cd0 12451       1       org.eclipse.jdt.internal.compiler.lookup.SourceTypeBinding::unannotated (5 bytes)
Event: 260.694 Thread 0x000001ec5b6d8cd0 nmethod 12451 0x000001ec6710cd10 code [0x000001ec6710cea0, 0x000001ec6710cf68]
Event: 260.694 Thread 0x000001ec5b6d8cd0 12449       1       org.eclipse.jdt.internal.core.JavaModelManager$SecondaryTypesCache::secondaryTypes (5 bytes)
Event: 260.694 Thread 0x000001ec5b6d8cd0 nmethod 12449 0x000001ec6710d010 code [0x000001ec6710d1a0, 0x000001ec6710d268]

GC Heap History (20 events):
Event: 247.339 GC heap after
{Heap after GC invocations=1283 (full 3):
 PSYoungGen      total 6656K, used 405K [0x00000000d5580000, 0x00000000d5c80000, 0x0000000100000000)
  eden space 6144K, 0% used [0x00000000d5580000,0x00000000d5580000,0x00000000d5b80000)
  from space 512K, 79% used [0x00000000d5c00000,0x00000000d5c65400,0x00000000d5c80000)
  to   space 512K, 0% used [0x00000000d5b80000,0x00000000d5b80000,0x00000000d5c00000)
 ParOldGen       total 822784K, used 822516K [0x0000000080000000, 0x00000000b2380000, 0x00000000d5580000)
  object space 822784K, 99% used [0x0000000080000000,0x00000000b233d000,0x00000000b2380000)
 Metaspace       used 71936K, committed 73408K, reserved 1114112K
  class space    used 7659K, committed 8320K, reserved 1048576K
}
Event: 247.479 GC heap before
{Heap before GC invocations=1284 (full 3):
 PSYoungGen      total 6656K, used 6549K [0x00000000d5580000, 0x00000000d5c80000, 0x0000000100000000)
  eden space 6144K, 100% used [0x00000000d5580000,0x00000000d5b80000,0x00000000d5b80000)
  from space 512K, 79% used [0x00000000d5c00000,0x00000000d5c65400,0x00000000d5c80000)
  to   space 512K, 0% used [0x00000000d5b80000,0x00000000d5b80000,0x00000000d5c00000)
 ParOldGen       total 822784K, used 822516K [0x0000000080000000, 0x00000000b2380000, 0x00000000d5580000)
  object space 822784K, 99% used [0x0000000080000000,0x00000000b233d000,0x00000000b2380000)
 Metaspace       used 72480K, committed 74048K, reserved 1179648K
  class space    used 7749K, committed 8448K, reserved 1048576K
}
Event: 247.485 GC heap after
{Heap after GC invocations=1284 (full 3):
 PSYoungGen      total 6656K, used 500K [0x00000000d5580000, 0x00000000d5e80000, 0x0000000100000000)
  eden space 6144K, 0% used [0x00000000d5580000,0x00000000d5580000,0x00000000d5b80000)
  from space 512K, 97% used [0x00000000d5b80000,0x00000000d5bfd200,0x00000000d5c00000)
  to   space 1536K, 0% used [0x00000000d5d00000,0x00000000d5d00000,0x00000000d5e80000)
 ParOldGen       total 823296K, used 822978K [0x0000000080000000, 0x00000000b2400000, 0x00000000d5580000)
  object space 823296K, 99% used [0x0000000080000000,0x00000000b23b0b58,0x00000000b2400000)
 Metaspace       used 72480K, committed 74048K, reserved 1179648K
  class space    used 7749K, committed 8448K, reserved 1048576K
}
Event: 247.506 GC heap before
{Heap before GC invocations=1285 (full 3):
 PSYoungGen      total 6656K, used 6525K [0x00000000d5580000, 0x00000000d5e80000, 0x0000000100000000)
  eden space 6144K, 98% used [0x00000000d5580000,0x00000000d5b62510,0x00000000d5b80000)
  from space 512K, 97% used [0x00000000d5b80000,0x00000000d5bfd200,0x00000000d5c00000)
  to   space 1536K, 0% used [0x00000000d5d00000,0x00000000d5d00000,0x00000000d5e80000)
 ParOldGen       total 823296K, used 822978K [0x0000000080000000, 0x00000000b2400000, 0x00000000d5580000)
  object space 823296K, 99% used [0x0000000080000000,0x00000000b23b0b58,0x00000000b2400000)
 Metaspace       used 72486K, committed 74048K, reserved 1179648K
  class space    used 7749K, committed 8448K, reserved 1048576K
}
Event: 247.512 GC heap after
{Heap after GC invocations=1285 (full 3):
 PSYoungGen      total 7680K, used 1216K [0x00000000d5580000, 0x00000000d5e80000, 0x0000000100000000)
  eden space 6144K, 0% used [0x00000000d5580000,0x00000000d5580000,0x00000000d5b80000)
  from space 1536K, 79% used [0x00000000d5d00000,0x00000000d5e30000,0x00000000d5e80000)
  to   space 1536K, 0% used [0x00000000d5b80000,0x00000000d5b80000,0x00000000d5d00000)
 ParOldGen       total 823808K, used 823479K [0x0000000080000000, 0x00000000b2480000, 0x00000000d5580000)
  object space 823808K, 99% used [0x0000000080000000,0x00000000b242dd58,0x00000000b2480000)
 Metaspace       used 72486K, committed 74048K, reserved 1179648K
  class space    used 7749K, committed 8448K, reserved 1048576K
}
Event: 247.525 GC heap before
{Heap before GC invocations=1286 (full 3):
 PSYoungGen      total 7680K, used 7360K [0x00000000d5580000, 0x00000000d5e80000, 0x0000000100000000)
  eden space 6144K, 100% used [0x00000000d5580000,0x00000000d5b80000,0x00000000d5b80000)
  from space 1536K, 79% used [0x00000000d5d00000,0x00000000d5e30000,0x00000000d5e80000)
  to   space 1536K, 0% used [0x00000000d5b80000,0x00000000d5b80000,0x00000000d5d00000)
 ParOldGen       total 823808K, used 823479K [0x0000000080000000, 0x00000000b2480000, 0x00000000d5580000)
  object space 823808K, 99% used [0x0000000080000000,0x00000000b242dd58,0x00000000b2480000)
 Metaspace       used 72487K, committed 74048K, reserved 1179648K
  class space    used 7749K, committed 8448K, reserved 1048576K
}
Event: 247.529 GC heap after
{Heap after GC invocations=1286 (full 3):
 PSYoungGen      total 6656K, used 256K [0x00000000d5580000, 0x00000000d5d80000, 0x0000000100000000)
  eden space 6144K, 0% used [0x00000000d5580000,0x00000000d5580000,0x00000000d5b80000)
  from space 512K, 50% used [0x00000000d5b80000,0x00000000d5bc0000,0x00000000d5c00000)
  to   space 1024K, 0% used [0x00000000d5c80000,0x00000000d5c80000,0x00000000d5d80000)
 ParOldGen       total 823808K, used 823607K [0x0000000080000000, 0x00000000b2480000, 0x00000000d5580000)
  object space 823808K, 99% used [0x0000000080000000,0x00000000b244dd58,0x00000000b2480000)
 Metaspace       used 72487K, committed 74048K, reserved 1179648K
  class space    used 7749K, committed 8448K, reserved 1048576K
}
Event: 260.202 GC heap before
{Heap before GC invocations=1287 (full 3):
 PSYoungGen      total 6656K, used 6400K [0x00000000d5580000, 0x00000000d5d80000, 0x0000000100000000)
  eden space 6144K, 100% used [0x00000000d5580000,0x00000000d5b80000,0x00000000d5b80000)
  from space 512K, 50% used [0x00000000d5b80000,0x00000000d5bc0000,0x00000000d5c00000)
  to   space 1024K, 0% used [0x00000000d5c80000,0x00000000d5c80000,0x00000000d5d80000)
 ParOldGen       total 823808K, used 823607K [0x0000000080000000, 0x00000000b2480000, 0x00000000d5580000)
  object space 823808K, 99% used [0x0000000080000000,0x00000000b244dd58,0x00000000b2480000)
 Metaspace       used 72610K, committed 74176K, reserved 1179648K
  class space    used 7776K, committed 8448K, reserved 1048576K
}
Event: 260.207 GC heap after
{Heap after GC invocations=1287 (full 3):
 PSYoungGen      total 7168K, used 553K [0x00000000d5580000, 0x00000000d5d80000, 0x0000000100000000)
  eden space 6144K, 0% used [0x00000000d5580000,0x00000000d5580000,0x00000000d5b80000)
  from space 1024K, 54% used [0x00000000d5c80000,0x00000000d5d0a600,0x00000000d5d80000)
  to   space 1024K, 0% used [0x00000000d5b80000,0x00000000d5b80000,0x00000000d5c80000)
 ParOldGen       total 823808K, used 823645K [0x0000000080000000, 0x00000000b2480000, 0x00000000d5580000)
  object space 823808K, 99% used [0x0000000080000000,0x00000000b2457550,0x00000000b2480000)
 Metaspace       used 72610K, committed 74176K, reserved 1179648K
  class space    used 7776K, committed 8448K, reserved 1048576K
}
Event: 260.535 GC heap before
{Heap before GC invocations=1288 (full 3):
 PSYoungGen      total 7168K, used 6697K [0x00000000d5580000, 0x00000000d5d80000, 0x0000000100000000)
  eden space 6144K, 100% used [0x00000000d5580000,0x00000000d5b80000,0x00000000d5b80000)
  from space 1024K, 54% used [0x00000000d5c80000,0x00000000d5d0a600,0x00000000d5d80000)
  to   space 1024K, 0% used [0x00000000d5b80000,0x00000000d5b80000,0x00000000d5c80000)
 ParOldGen       total 823808K, used 823645K [0x0000000080000000, 0x00000000b2480000, 0x00000000d5580000)
  object space 823808K, 99% used [0x0000000080000000,0x00000000b2457550,0x00000000b2480000)
 Metaspace       used 72670K, committed 74176K, reserved 1179648K
  class space    used 7788K, committed 8448K, reserved 1048576K
}
Event: 260.538 GC heap after
{Heap after GC invocations=1288 (full 3):
 PSYoungGen      total 7168K, used 1020K [0x00000000d5580000, 0x00000000d6080000, 0x0000000100000000)
  eden space 6144K, 0% used [0x00000000d5580000,0x00000000d5580000,0x00000000d5b80000)
  from space 1024K, 99% used [0x00000000d5b80000,0x00000000d5c7f080,0x00000000d5c80000)
  to   space 2560K, 0% used [0x00000000d5e00000,0x00000000d5e00000,0x00000000d6080000)
 ParOldGen       total 825344K, used 824870K [0x0000000080000000, 0x00000000b2600000, 0x00000000d5580000)
  object space 825344K, 99% used [0x0000000080000000,0x00000000b2589bd0,0x00000000b2600000)
 Metaspace       used 72670K, committed 74176K, reserved 1179648K
  class space    used 7788K, committed 8448K, reserved 1048576K
}
Event: 260.546 GC heap before
{Heap before GC invocations=1289 (full 3):
 PSYoungGen      total 7168K, used 7164K [0x00000000d5580000, 0x00000000d6080000, 0x0000000100000000)
  eden space 6144K, 100% used [0x00000000d5580000,0x00000000d5b80000,0x00000000d5b80000)
  from space 1024K, 99% used [0x00000000d5b80000,0x00000000d5c7f080,0x00000000d5c80000)
  to   space 2560K, 0% used [0x00000000d5e00000,0x00000000d5e00000,0x00000000d6080000)
 ParOldGen       total 825344K, used 824870K [0x0000000080000000, 0x00000000b2600000, 0x00000000d5580000)
  object space 825344K, 99% used [0x0000000080000000,0x00000000b2589bd0,0x00000000b2600000)
 Metaspace       used 72670K, committed 74176K, reserved 1179648K
  class space    used 7788K, committed 8448K, reserved 1048576K
}
Event: 260.552 GC heap after
{Heap after GC invocations=1289 (full 3):
 PSYoungGen      total 6144K, used 2560K [0x00000000d5580000, 0x00000000d6580000, 0x0000000100000000)
  eden space 3584K, 0% used [0x00000000d5580000,0x00000000d5580000,0x00000000d5900000)
  from space 2560K, 100% used [0x00000000d5e00000,0x00000000d6080000,0x00000000d6080000)
  to   space 5120K, 0% used [0x00000000d5900000,0x00000000d5900000,0x00000000d5e00000)
 ParOldGen       total 826880K, used 826539K [0x0000000080000000, 0x00000000b2780000, 0x00000000d5580000)
  object space 826880K, 99% used [0x0000000080000000,0x00000000b272ac50,0x00000000b2780000)
 Metaspace       used 72670K, committed 74176K, reserved 1179648K
  class space    used 7788K, committed 8448K, reserved 1048576K
}
Event: 260.566 GC heap before
{Heap before GC invocations=1290 (full 3):
 PSYoungGen      total 6144K, used 6144K [0x00000000d5580000, 0x00000000d6580000, 0x0000000100000000)
  eden space 3584K, 100% used [0x00000000d5580000,0x00000000d5900000,0x00000000d5900000)
  from space 2560K, 100% used [0x00000000d5e00000,0x00000000d6080000,0x00000000d6080000)
  to   space 5120K, 0% used [0x00000000d5900000,0x00000000d5900000,0x00000000d5e00000)
 ParOldGen       total 826880K, used 826539K [0x0000000080000000, 0x00000000b2780000, 0x00000000d5580000)
  object space 826880K, 99% used [0x0000000080000000,0x00000000b272ac50,0x00000000b2780000)
 Metaspace       used 72677K, committed 74176K, reserved 1179648K
  class space    used 7789K, committed 8448K, reserved 1048576K
}
Event: 260.570 GC heap after
{Heap after GC invocations=1290 (full 3):
 PSYoungGen      total 4608K, used 992K [0x00000000d5580000, 0x00000000d5f00000, 0x0000000100000000)
  eden space 3584K, 0% used [0x00000000d5580000,0x00000000d5580000,0x00000000d5900000)
  from space 1024K, 96% used [0x00000000d5900000,0x00000000d59f8000,0x00000000d5a00000)
  to   space 2560K, 0% used [0x00000000d5c80000,0x00000000d5c80000,0x00000000d5f00000)
 ParOldGen       total 829440K, used 829131K [0x0000000080000000, 0x00000000b2a00000, 0x00000000d5580000)
  object space 829440K, 99% used [0x0000000080000000,0x00000000b29b2c50,0x00000000b2a00000)
 Metaspace       used 72677K, committed 74176K, reserved 1179648K
  class space    used 7789K, committed 8448K, reserved 1048576K
}
Event: 260.669 GC heap before
{Heap before GC invocations=1291 (full 3):
 PSYoungGen      total 4608K, used 4576K [0x00000000d5580000, 0x00000000d5f00000, 0x0000000100000000)
  eden space 3584K, 100% used [0x00000000d5580000,0x00000000d5900000,0x00000000d5900000)
  from space 1024K, 96% used [0x00000000d5900000,0x00000000d59f8000,0x00000000d5a00000)
  to   space 2560K, 0% used [0x00000000d5c80000,0x00000000d5c80000,0x00000000d5f00000)
 ParOldGen       total 829440K, used 829131K [0x0000000080000000, 0x00000000b2a00000, 0x00000000d5580000)
  object space 829440K, 99% used [0x0000000080000000,0x00000000b29b2c50,0x00000000b2a00000)
 Metaspace       used 72746K, committed 74240K, reserved 1179648K
  class space    used 7796K, committed 8448K, reserved 1048576K
}
Event: 260.672 GC heap after
{Heap after GC invocations=1291 (full 3):
 PSYoungGen      total 4096K, used 330K [0x00000000d5580000, 0x00000000d5d00000, 0x0000000100000000)
  eden space 3584K, 0% used [0x00000000d5580000,0x00000000d5580000,0x00000000d5900000)
  from space 512K, 64% used [0x00000000d5c80000,0x00000000d5cd2800,0x00000000d5d00000)
  to   space 1024K, 0% used [0x00000000d5b00000,0x00000000d5b00000,0x00000000d5c00000)
 ParOldGen       total 829952K, used 829928K [0x0000000080000000, 0x00000000b2a80000, 0x00000000d5580000)
  object space 829952K, 99% used [0x0000000080000000,0x00000000b2a7a148,0x00000000b2a80000)
 Metaspace       used 72746K, committed 74240K, reserved 1179648K
  class space    used 7796K, committed 8448K, reserved 1048576K
}
Event: 260.689 GC heap before
{Heap before GC invocations=1292 (full 3):
 PSYoungGen      total 4096K, used 3914K [0x00000000d5580000, 0x00000000d5d00000, 0x0000000100000000)
  eden space 3584K, 100% used [0x00000000d5580000,0x00000000d5900000,0x00000000d5900000)
  from space 512K, 64% used [0x00000000d5c80000,0x00000000d5cd2800,0x00000000d5d00000)
  to   space 1024K, 0% used [0x00000000d5b00000,0x00000000d5b00000,0x00000000d5c00000)
 ParOldGen       total 829952K, used 829928K [0x0000000080000000, 0x00000000b2a80000, 0x00000000d5580000)
  object space 829952K, 99% used [0x0000000080000000,0x00000000b2a7a148,0x00000000b2a80000)
 Metaspace       used 72784K, committed 74240K, reserved 1179648K
  class space    used 7796K, committed 8448K, reserved 1048576K
}
Event: 260.693 GC heap after
{Heap after GC invocations=1292 (full 3):
 PSYoungGen      total 4608K, used 692K [0x00000000d5580000, 0x00000000d5d00000, 0x0000000100000000)
  eden space 3584K, 0% used [0x00000000d5580000,0x00000000d5580000,0x00000000d5900000)
  from space 1024K, 67% used [0x00000000d5b00000,0x00000000d5bad200,0x00000000d5c00000)
  to   space 1024K, 0% used [0x00000000d5c00000,0x00000000d5c00000,0x00000000d5d00000)
 ParOldGen       total 830464K, used 830234K [0x0000000080000000, 0x00000000b2b00000, 0x00000000d5580000)
  object space 830464K, 99% used [0x0000000080000000,0x00000000b2ac6948,0x00000000b2b00000)
 Metaspace       used 72784K, committed 74240K, reserved 1179648K
  class space    used 7796K, committed 8448K, reserved 1048576K
}
Event: 260.695 GC heap before
{Heap before GC invocations=1293 (full 3):
 PSYoungGen      total 4608K, used 4276K [0x00000000d5580000, 0x00000000d5d00000, 0x0000000100000000)
  eden space 3584K, 100% used [0x00000000d5580000,0x00000000d5900000,0x00000000d5900000)
  from space 1024K, 67% used [0x00000000d5b00000,0x00000000d5bad200,0x00000000d5c00000)
  to   space 1024K, 0% used [0x00000000d5c00000,0x00000000d5c00000,0x00000000d5d00000)
 ParOldGen       total 830464K, used 830234K [0x0000000080000000, 0x00000000b2b00000, 0x00000000d5580000)
  object space 830464K, 99% used [0x0000000080000000,0x00000000b2ac6948,0x00000000b2b00000)
 Metaspace       used 72786K, committed 74240K, reserved 1179648K
  class space    used 7796K, committed 8448K, reserved 1048576K
}

Dll operation events (14 events):
Event: 0.112 Loaded shared library c:\Users\quyen\.vscode\extensions\redhat.java-1.53.0-win32-x64\jre\21.0.10-win32-x86_64\bin\java.dll
Event: 0.250 Loaded shared library c:\Users\quyen\.vscode\extensions\redhat.java-1.53.0-win32-x64\jre\21.0.10-win32-x86_64\bin\zip.dll
Event: 0.280 Loaded shared library C:\Users\quyen\.vscode\extensions\redhat.java-1.53.0-win32-x64\jre\21.0.10-win32-x86_64\bin\instrument.dll
Event: 0.285 Loaded shared library C:\Users\quyen\.vscode\extensions\redhat.java-1.53.0-win32-x64\jre\21.0.10-win32-x86_64\bin\net.dll
Event: 0.287 Loaded shared library C:\Users\quyen\.vscode\extensions\redhat.java-1.53.0-win32-x64\jre\21.0.10-win32-x86_64\bin\nio.dll
Event: 0.290 Loaded shared library C:\Users\quyen\.vscode\extensions\redhat.java-1.53.0-win32-x64\jre\21.0.10-win32-x86_64\bin\zip.dll
Event: 0.371 Loaded shared library C:\Users\quyen\.vscode\extensions\redhat.java-1.53.0-win32-x64\jre\21.0.10-win32-x86_64\bin\jimage.dll
Event: 0.433 Loaded shared library c:\Users\quyen\.vscode\extensions\redhat.java-1.53.0-win32-x64\jre\21.0.10-win32-x86_64\bin\verify.dll
Event: 4.757 Loaded shared library C:\Users\quyen\AppData\Roaming\Code\User\globalStorage\redhat.java\1.53.0\config_win\org.eclipse.equinox.launcher\org.eclipse.equinox.launcher.win32.win32.x86_64_1.3.0.v20260203-2149\eclipse_11919.dll
Event: 29.944 Loaded shared library C:\Users\quyen\.vscode\extensions\redhat.java-1.53.0-win32-x64\jre\21.0.10-win32-x86_64\bin\management.dll
Event: 29.966 Loaded shared library C:\Users\quyen\.vscode\extensions\redhat.java-1.53.0-win32-x64\jre\21.0.10-win32-x86_64\bin\management_ext.dll
Event: 38.025 Loaded shared library C:\Users\quyen\AppData\Local\Temp\jna-107962942\jna18146245770293729050.dll
Event: 38.434 Loaded shared library C:\Users\quyen\.vscode\extensions\redhat.java-1.53.0-win32-x64\jre\21.0.10-win32-x86_64\bin\sunmscapi.dll
Event: 39.621 Loaded shared library C:\Users\quyen\.vscode\extensions\redhat.java-1.53.0-win32-x64\jre\21.0.10-win32-x86_64\bin\extnet.dll

Deoptimization events (20 events):
Event: 247.088 Thread 0x000001ec7a935b60 DEOPT PACKING pc=0x000001ec670abb60 sp=0x000000b5f14fe1c0
Event: 247.088 Thread 0x000001ec7a935b60 DEOPT UNPACKING pc=0x000001ec65ef6da2 sp=0x000000b5f14fe140 mode 2
Event: 247.231 Thread 0x000001ec7a935b60 Uncommon trap: trap_request=0xffffff45 fr.pc=0x000001ec670775b0 relative=0x0000000000000090
Event: 247.231 Thread 0x000001ec7a935b60 Uncommon trap: reason=unstable_if action=reinterpret pc=0x000001ec670775b0 method=org.eclipse.jdt.internal.compiler.parser.ScannerHelper.isWhitespace(C)Z @ 14 c2
Event: 247.231 Thread 0x000001ec7a935b60 DEOPT PACKING pc=0x000001ec670775b0 sp=0x000000b5f14fe470
Event: 247.231 Thread 0x000001ec7a935b60 DEOPT UNPACKING pc=0x000001ec65ef6da2 sp=0x000000b5f14fe410 mode 2
Event: 247.392 Thread 0x000001ec7a935b60 Uncommon trap: trap_request=0xffffff45 fr.pc=0x000001ec66c8f6b0 relative=0x0000000000000c70
Event: 247.392 Thread 0x000001ec7a935b60 Uncommon trap: reason=unstable_if action=reinterpret pc=0x000001ec66c8f6b0 method=java.util.regex.Pattern.newSlice([IIZ)Ljava/util/regex/Pattern$Node; @ 19 c2
Event: 247.392 Thread 0x000001ec7a935b60 DEOPT PACKING pc=0x000001ec66c8f6b0 sp=0x000000b5f14fcf40
Event: 247.392 Thread 0x000001ec7a935b60 DEOPT UNPACKING pc=0x000001ec65ef6da2 sp=0x000000b5f14fce50 mode 2
Event: 247.448 Thread 0x000001ec7a935b60 DEOPT PACKING pc=0x000001ec5f4d7184 sp=0x000000b5f14fdd60
Event: 247.448 Thread 0x000001ec7a935b60 DEOPT UNPACKING pc=0x000001ec65ef78e2 sp=0x000000b5f14fd218 mode 0
Event: 247.693 Thread 0x000001ec7a936f10 Uncommon trap: trap_request=0xffffffde fr.pc=0x000001ec66acf418 relative=0x0000000000000078
Event: 247.693 Thread 0x000001ec7a936f10 Uncommon trap: reason=class_check action=maybe_recompile pc=0x000001ec66acf418 method=java.util.LinkedHashMap.afterNodeInsertion(Z)V @ 15 c2
Event: 247.693 Thread 0x000001ec7a936f10 DEOPT PACKING pc=0x000001ec66acf418 sp=0x000000b5f43feb00
Event: 247.693 Thread 0x000001ec7a936f10 DEOPT UNPACKING pc=0x000001ec65ef6da2 sp=0x000000b5f43fea78 mode 2
Event: 260.617 Thread 0x000001ec7a936f10 Uncommon trap: trap_request=0xffffffde fr.pc=0x000001ec66acf418 relative=0x0000000000000078
Event: 260.617 Thread 0x000001ec7a936f10 Uncommon trap: reason=class_check action=maybe_recompile pc=0x000001ec66acf418 method=java.util.LinkedHashMap.afterNodeInsertion(Z)V @ 15 c2
Event: 260.617 Thread 0x000001ec7a936f10 DEOPT PACKING pc=0x000001ec66acf418 sp=0x000000b5f43feb00
Event: 260.617 Thread 0x000001ec7a936f10 DEOPT UNPACKING pc=0x000001ec65ef6da2 sp=0x000000b5f43fea78 mode 2

Classes loaded (20 events):
Event: 97.730 Loading class javax/xml/transform/TransformerConfigurationException
Event: 97.730 Loading class javax/xml/transform/TransformerConfigurationException done
Event: 98.333 Loading class jdk/internal/ref/CleanerImpl$InnocuousThreadFactory
Event: 98.334 Loading class jdk/internal/ref/CleanerImpl$InnocuousThreadFactory done
Event: 103.339 Loading class java/util/HashMap$EntrySpliterator
Event: 103.339 Loading class java/util/HashMap$EntrySpliterator done
Event: 247.418 Loading class java/util/regex/Pattern$Behind
Event: 247.419 Loading class java/util/regex/Pattern$Behind done
Event: 247.420 Loading class java/util/regex/Pattern$Neg
Event: 247.420 Loading class java/util/regex/Pattern$Neg done
Event: 260.602 Loading class java/util/stream/ReferencePipeline$4
Event: 260.604 Loading class java/util/stream/ReferencePipeline$4 done
Event: 260.606 Loading class java/util/stream/Nodes$IntFixedNodeBuilder
Event: 260.606 Loading class java/util/stream/Node$Builder$OfInt
Event: 260.607 Loading class java/util/stream/Node$Builder$OfInt done
Event: 260.607 Loading class java/util/stream/Nodes$IntArrayNode
Event: 260.608 Loading class java/util/stream/Nodes$IntArrayNode done
Event: 260.608 Loading class java/util/stream/Nodes$IntFixedNodeBuilder done
Event: 260.608 Loading class java/util/stream/ReferencePipeline$4$1
Event: 260.608 Loading class java/util/stream/ReferencePipeline$4$1 done

Classes unloaded (7 events):
Event: 32.644 Thread 0x000001ec5b63fdc0 Unloading class 0x000001ec011b1000 'java/lang/invoke/LambdaForm$MH+0x000001ec011b1000'
Event: 32.644 Thread 0x000001ec5b63fdc0 Unloading class 0x000001ec011b0c00 'java/lang/invoke/LambdaForm$MH+0x000001ec011b0c00'
Event: 32.644 Thread 0x000001ec5b63fdc0 Unloading class 0x000001ec011b0800 'java/lang/invoke/LambdaForm$MH+0x000001ec011b0800'
Event: 32.644 Thread 0x000001ec5b63fdc0 Unloading class 0x000001ec011b0400 'java/lang/invoke/LambdaForm$MH+0x000001ec011b0400'
Event: 32.644 Thread 0x000001ec5b63fdc0 Unloading class 0x000001ec011b0000 'java/lang/invoke/LambdaForm$BMH+0x000001ec011b0000'
Event: 32.644 Thread 0x000001ec5b63fdc0 Unloading class 0x000001ec011afc00 'java/lang/invoke/LambdaForm$DMH+0x000001ec011afc00'
Event: 32.644 Thread 0x000001ec5b63fdc0 Unloading class 0x000001ec011ae800 'java/lang/invoke/LambdaForm$DMH+0x000001ec011ae800'

Classes redefined (0 events):
No events

Internal exceptions (20 events):
Event: 164.902 Thread 0x000001ec78e7d610 Exception <a 'sun/nio/fs/WindowsException'{0x00000000d5785b78}> (0x00000000d5785b78) 
thrown [s\src\hotspot\share\prims\jni.cpp, line 520]
Event: 164.920 Thread 0x000001ec78e7d610 Exception <a 'sun/nio/fs/WindowsException'{0x00000000d57a57d8}> (0x00000000d57a57d8) 
thrown [s\src\hotspot\share\prims\jni.cpp, line 520]
Event: 164.977 Thread 0x000001ec78e7d610 Exception <a 'sun/nio/fs/WindowsException'{0x00000000d5601ad0}> (0x00000000d5601ad0) 
thrown [s\src\hotspot\share\prims\jni.cpp, line 520]
Event: 165.192 Thread 0x000001ec78e7d610 Exception <a 'sun/nio/fs/WindowsException'{0x00000000d5a8bef8}> (0x00000000d5a8bef8) 
thrown [s\src\hotspot\share\prims\jni.cpp, line 520]
Event: 165.407 Thread 0x000001ec78e7d610 Exception <a 'sun/nio/fs/WindowsException'{0x00000000d59e01b0}> (0x00000000d59e01b0) 
thrown [s\src\hotspot\share\prims\jni.cpp, line 520]
Event: 165.440 Thread 0x000001ec78e7d610 Exception <a 'sun/nio/fs/WindowsException'{0x00000000d5a482e8}> (0x00000000d5a482e8) 
thrown [s\src\hotspot\share\prims\jni.cpp, line 520]
Event: 244.723 Thread 0x000001ec78e7c8f0 Exception <a 'java/lang/IncompatibleClassChangeError'{0x00000000d55a7d28}: Found class java.lang.Object, but interface was expected> (0x00000000d55a7d28) 
thrown [s\src\hotspot\share\interpreter\linkResolver.cpp, line 840]
Event: 245.210 Thread 0x000001ec7a9375a0 Exception <a 'java/lang/NoSuchMethodError'{0x00000000d5653478}: 'java.lang.Object java.lang.invoke.DirectMethodHandle$Holder.invokeSpecial(java.lang.Object, java.lang.Object, java.lang.Object, java.lang.Object, int, java.lang.Object, java.lang.Object)'> (0x00000000d5653478) 
thrown [s\src\hotspot\share\interpreter\linkResolver.cpp, line 773]
Event: 245.302 Thread 0x000001ec78e7c8f0 Exception <a 'java/lang/IncompatibleClassChangeError'{0x00000000d5689f48}: Found class java.lang.Object, but interface was expected> (0x00000000d5689f48) 
thrown [s\src\hotspot\share\interpreter\linkResolver.cpp, line 840]
Event: 245.744 Thread 0x000001ec7a9375a0 Implicit null exception at 0x000001ec66f65907 to 0x000001ec66f66318
Event: 245.913 Thread 0x000001ec7a9375a0 Implicit null exception at 0x000001ec66e9065a to 0x000001ec66e906b3
Event: 246.103 Thread 0x000001ec7a936f10 Exception <a 'java/lang/NoSuchMethodError'{0x00000000d5646310}: 'java.lang.Object java.lang.invoke.DirectMethodHandle$Holder.newInvokeSpecial(java.lang.Object, java.lang.Object, java.lang.Object, java.lang.Object, java.lang.Object, java.lang.Object, java.lang.Object)'> (0x00000000d5646310) 
thrown [s\src\hotspot\share\interpreter\linkResolver.cpp, line 773]
Event: 246.497 Thread 0x000001ec7a936f10 Exception <a 'java/lang/ArrayIndexOutOfBoundsException'{0x00000000d5752860}: Index 315 out of bounds for length 315> (0x00000000d5752860) 
thrown [s\src\hotspot\share\interpreter\interpreterRuntime.cpp, line 439]
Event: 247.030 Thread 0x000001ec7a935b60 Exception <a 'java/lang/ArrayIndexOutOfBoundsException'{0x00000000d5798ae8}: Index 315 out of bounds for length 315> (0x00000000d5798ae8) 
thrown [s\src\hotspot\share\interpreter\interpreterRuntime.cpp, line 439]
Event: 247.205 Thread 0x000001ec7a935b60 Exception <a 'java/lang/NoSuchMethodError'{0x00000000d59f82e0}: 'int java.lang.invoke.DirectMethodHandle$Holder.invokeVirtual(java.lang.Object, java.lang.Object, java.lang.Object, int)'> (0x00000000d59f82e0) 
thrown [s\src\hotspot\share\interpreter\linkResolver.cpp, line 773]
Event: 247.280 Thread 0x000001ec7a935b60 Exception <a 'java/lang/NoSuchMethodError'{0x00000000d5a1d598}: 'void java.lang.invoke.DirectMethodHandle$Holder.invokeSpecial(java.lang.Object, java.lang.Object, int)'> (0x00000000d5a1d598) 
thrown [s\src\hotspot\share\interpreter\linkResolver.cpp, line 773]
Event: 247.460 Thread 0x000001ec7a936f10 Exception <a 'java/lang/ArrayIndexOutOfBoundsException'{0x00000000d59e0098}: Index 315 out of bounds for length 315> (0x00000000d59e0098) 
thrown [s\src\hotspot\share\interpreter\interpreterRuntime.cpp, line 439]
Event: 260.163 Thread 0x000001ec78e7c8f0 Exception <a 'java/lang/IncompatibleClassChangeError'{0x00000000d59a9530}: Found class java.lang.Object, but interface was expected> (0x00000000d59a9530) 
thrown [s\src\hotspot\share\interpreter\linkResolver.cpp, line 840]
Event: 260.522 Thread 0x000001ec7a936f10 Exception <a 'java/lang/ArrayIndexOutOfBoundsException'{0x00000000d56b0250}: Index 315 out of bounds for length 315> (0x00000000d56b0250) 
thrown [s\src\hotspot\share\interpreter\interpreterRuntime.cpp, line 439]
Event: 260.680 Thread 0x000001ec7a936f10 Exception <a 'java/lang/ArrayIndexOutOfBoundsException'{0x00000000d565e998}: Index 315 out of bounds for length 315> (0x00000000d565e998) 
thrown [s\src\hotspot\share\interpreter\interpreterRuntime.cpp, line 439]

ZGC Phase Switch (0 events):
No events

VM Operations (20 events):
Event: 247.512 Executing safepoint VM operation: ParallelGCFailedAllocation (Allocation Failure) done
Event: 247.525 Executing safepoint VM operation: ParallelGCFailedAllocation (Allocation Failure)
Event: 247.529 Executing safepoint VM operation: ParallelGCFailedAllocation (Allocation Failure) done
Event: 248.532 Executing safepoint VM operation: Cleanup
Event: 248.532 Executing safepoint VM operation: Cleanup done
Event: 260.202 Executing safepoint VM operation: ParallelGCFailedAllocation (Allocation Failure)
Event: 260.207 Executing safepoint VM operation: ParallelGCFailedAllocation (Allocation Failure) done
Event: 260.223 Executing non-safepoint VM operation: HandshakeAllThreads (Deoptimize)
Event: 260.223 Executing non-safepoint VM operation: HandshakeAllThreads (Deoptimize) done
Event: 260.535 Executing safepoint VM operation: ParallelGCFailedAllocation (Allocation Failure)
Event: 260.538 Executing safepoint VM operation: ParallelGCFailedAllocation (Allocation Failure) done
Event: 260.545 Executing safepoint VM operation: ParallelGCFailedAllocation (Allocation Failure)
Event: 260.552 Executing safepoint VM operation: ParallelGCFailedAllocation (Allocation Failure) done
Event: 260.566 Executing safepoint VM operation: ParallelGCFailedAllocation (Allocation Failure)
Event: 260.570 Executing safepoint VM operation: ParallelGCFailedAllocation (Allocation Failure) done
Event: 260.669 Executing safepoint VM operation: ParallelGCFailedAllocation (Allocation Failure)
Event: 260.672 Executing safepoint VM operation: ParallelGCFailedAllocation (Allocation Failure) done
Event: 260.689 Executing safepoint VM operation: ParallelGCFailedAllocation (Allocation Failure)
Event: 260.693 Executing safepoint VM operation: ParallelGCFailedAllocation (Allocation Failure) done
Event: 260.695 Executing safepoint VM operation: ParallelGCFailedAllocation (Allocation Failure)

Memory protections (0 events):
No events

Nmethod flushes (20 events):
Event: 91.321 Thread 0x000001ec5b63fdc0 flushing  nmethod 0x000001ec5f3e6410
Event: 91.321 Thread 0x000001ec5b63fdc0 flushing  nmethod 0x000001ec5f3ec910
Event: 91.321 Thread 0x000001ec5b63fdc0 flushing  nmethod 0x000001ec5f3fa690
Event: 91.321 Thread 0x000001ec5b63fdc0 flushing  nmethod 0x000001ec5f403a90
Event: 91.321 Thread 0x000001ec5b63fdc0 flushing  nmethod 0x000001ec5f426a90
Event: 91.321 Thread 0x000001ec5b63fdc0 flushing  nmethod 0x000001ec5f428190
Event: 91.321 Thread 0x000001ec5b63fdc0 flushing  nmethod 0x000001ec5f42a510
Event: 91.321 Thread 0x000001ec5b63fdc0 flushing  nmethod 0x000001ec5f42b610
Event: 91.321 Thread 0x000001ec5b63fdc0 flushing  nmethod 0x000001ec5f437090
Event: 91.321 Thread 0x000001ec5b63fdc0 flushing  nmethod 0x000001ec5f439310
Event: 91.321 Thread 0x000001ec5b63fdc0 flushing  nmethod 0x000001ec5f445390
Event: 91.321 Thread 0x000001ec5b63fdc0 flushing  nmethod 0x000001ec5f456c90
Event: 91.321 Thread 0x000001ec5b63fdc0 flushing  nmethod 0x000001ec5f467990
Event: 91.321 Thread 0x000001ec5b63fdc0 flushing  nmethod 0x000001ec5f46b190
Event: 91.321 Thread 0x000001ec5b63fdc0 flushing  nmethod 0x000001ec5f48a990
Event: 91.321 Thread 0x000001ec5b63fdc0 flushing  nmethod 0x000001ec5f498090
Event: 91.321 Thread 0x000001ec5b63fdc0 flushing  nmethod 0x000001ec5f517290
Event: 91.321 Thread 0x000001ec5b63fdc0 flushing  nmethod 0x000001ec5f517990
Event: 91.321 Thread 0x000001ec5b63fdc0 flushing  nmethod 0x000001ec5f519210
Event: 91.321 Thread 0x000001ec5b63fdc0 flushing  nmethod 0x000001ec5f51a090

Events (20 events):
Event: 103.823 Thread 0x000001ec5b6d8cd0 Thread added: 0x000001ec79d23300
Event: 104.872 Thread 0x000001ec79d23300 Thread exited: 0x000001ec79d23300
Event: 106.277 Thread 0x000001ec5b6d8cd0 Thread added: 0x000001ec79d25510
Event: 106.835 Thread 0x000001ec79d25510 Thread exited: 0x000001ec79d25510
Event: 106.889 Thread 0x000001ec5b6d8cd0 Thread added: 0x000001ec79d262b0
Event: 108.239 Thread 0x000001ec79d262b0 Thread exited: 0x000001ec79d262b0
Event: 162.554 Thread 0x000001ec7a938fe0 Thread exited: 0x000001ec7a938fe0
Event: 163.119 Thread 0x000001ec7a932d70 Thread exited: 0x000001ec7a932d70
Event: 163.473 Thread 0x000001ec7a939d00 Thread exited: 0x000001ec7a939d00
Event: 167.544 Thread 0x000001ec7a936f10 Thread added: 0x000001ec7a935b60
Event: 225.421 Thread 0x000001ec77e00fa0 Thread exited: 0x000001ec77e00fa0
Event: 225.422 Thread 0x000001ec78e7b540 Thread exited: 0x000001ec78e7b540
Event: 225.450 Thread 0x000001ec78e7a190 Thread exited: 0x000001ec78e7a190
Event: 225.451 Thread 0x000001ec78e7cf80 Thread exited: 0x000001ec78e7cf80
Event: 227.872 Thread 0x000001ec7a934e40 Thread exited: 0x000001ec7a934e40
Event: 244.705 Thread 0x000001ec78e7c8f0 Thread added: 0x000001ec7a9375a0
Event: 245.474 Thread 0x000001ec5b6d8cd0 Thread added: 0x000001ec79d24e40
Event: 246.294 Thread 0x000001ec79d24e40 Thread exited: 0x000001ec79d24e40
Event: 247.044 Thread 0x000001ec5b6d8cd0 Thread added: 0x000001ec7bdd8430
Event: 252.694 Thread 0x000001ec7bdd8430 Thread exited: 0x000001ec7bdd8430


Dynamic libraries:
0x00007ff7eb960000 - 0x00007ff7eb96e000 	c:\Users\quyen\.vscode\extensions\redhat.java-1.53.0-win32-x64\jre\21.0.10-win32-x86_64\bin\java.exe
0x00007ffc07570000 - 0x00007ffc07788000 	C:\Windows\SYSTEM32\ntdll.dll
0x00007ffc06a20000 - 0x00007ffc06ae4000 	C:\Windows\System32\KERNEL32.DLL
0x00007ffc04990000 - 0x00007ffc04d63000 	C:\Windows\System32\KERNELBASE.dll
0x00007ffc05070000 - 0x00007ffc05181000 	C:\Windows\System32\ucrtbase.dll
0x00007ffbf0a00000 - 0x00007ffbf0a18000 	c:\Users\quyen\.vscode\extensions\redhat.java-1.53.0-win32-x64\jre\21.0.10-win32-x86_64\bin\jli.dll
0x00007ffc05c00000 - 0x00007ffc05db2000 	C:\Windows\System32\USER32.dll
0x00007ffc047f0000 - 0x00007ffc04816000 	C:\Windows\System32\win32u.dll
0x00007ffc06c60000 - 0x00007ffc06c89000 	C:\Windows\System32\GDI32.dll
0x00007ffc04f50000 - 0x00007ffc0506b000 	C:\Windows\System32\gdi32full.dll
0x00007ffc04d70000 - 0x00007ffc04e0a000 	C:\Windows\System32\msvcp_win.dll
0x00007ffbf02e0000 - 0x00007ffbf02fe000 	c:\Users\quyen\.vscode\extensions\redhat.java-1.53.0-win32-x64\jre\21.0.10-win32-x86_64\bin\VCRUNTIME140.dll
0x00007ffbeb430000 - 0x00007ffbeb6cc000 	C:\Windows\WinSxS\amd64_microsoft.windows.common-controls_6595b64144ccf1df_6.0.22621.6060_none_2712eda17382d24b\COMCTL32.dll
0x00007ffc07420000 - 0x00007ffc074c7000 	C:\Windows\System32\msvcrt.dll
0x00007ffc05850000 - 0x00007ffc05881000 	C:\Windows\System32\IMM32.DLL
0x00007ffbfdcd0000 - 0x00007ffbfdcdc000 	c:\Users\quyen\.vscode\extensions\redhat.java-1.53.0-win32-x64\jre\21.0.10-win32-x86_64\bin\vcruntime140_1.dll
0x00007ffbb81e0000 - 0x00007ffbb826d000 	c:\Users\quyen\.vscode\extensions\redhat.java-1.53.0-win32-x64\jre\21.0.10-win32-x86_64\bin\msvcp140.dll
0x00007ffb78b20000 - 0x00007ffb798c1000 	c:\Users\quyen\.vscode\extensions\redhat.java-1.53.0-win32-x64\jre\21.0.10-win32-x86_64\bin\server\jvm.dll
0x00007ffc06960000 - 0x00007ffc06a11000 	C:\Windows\System32\ADVAPI32.dll
0x00007ffc07350000 - 0x00007ffc073f8000 	C:\Windows\System32\sechost.dll
0x00007ffc048e0000 - 0x00007ffc04908000 	C:\Windows\System32\bcrypt.dll
0x00007ffc05730000 - 0x00007ffc05848000 	C:\Windows\System32\RPCRT4.dll
0x00007ffc06b70000 - 0x00007ffc06be1000 	C:\Windows\System32\WS2_32.dll
0x00007ffc034a0000 - 0x00007ffc034ed000 	C:\Windows\SYSTEM32\POWRPROF.dll
0x00007ffbffce0000 - 0x00007ffbffd14000 	C:\Windows\SYSTEM32\WINMM.dll
0x00007ffbfdb40000 - 0x00007ffbfdb4a000 	C:\Windows\SYSTEM32\VERSION.dll
0x00007ffc03480000 - 0x00007ffc03493000 	C:\Windows\SYSTEM32\UMPDC.dll
0x00007ffc03720000 - 0x00007ffc03738000 	C:\Windows\SYSTEM32\kernel.appcore.dll
0x00007ffbfbc30000 - 0x00007ffbfbc3a000 	c:\Users\quyen\.vscode\extensions\redhat.java-1.53.0-win32-x64\jre\21.0.10-win32-x86_64\bin\jimage.dll
0x00007ffc02110000 - 0x00007ffc02343000 	C:\Windows\SYSTEM32\DBGHELP.DLL
0x00007ffc06dc0000 - 0x00007ffc07151000 	C:\Windows\System32\combase.dll
0x00007ffc05fe0000 - 0x00007ffc060b8000 	C:\Windows\System32\OLEAUT32.dll
0x00007ffbe7620000 - 0x00007ffbe7652000 	C:\Windows\SYSTEM32\dbgcore.DLL
0x00007ffc04910000 - 0x00007ffc0498b000 	C:\Windows\System32\bcryptPrimitives.dll
0x00007ffbf0c20000 - 0x00007ffbf0c2f000 	c:\Users\quyen\.vscode\extensions\redhat.java-1.53.0-win32-x64\jre\21.0.10-win32-x86_64\bin\instrument.dll
0x00007ffbebc90000 - 0x00007ffbebcb0000 	c:\Users\quyen\.vscode\extensions\redhat.java-1.53.0-win32-x64\jre\21.0.10-win32-x86_64\bin\java.dll
0x00007ffc060c0000 - 0x00007ffc0695c000 	C:\Windows\System32\SHELL32.dll
0x00007ffc04e10000 - 0x00007ffc04f4f000 	C:\Windows\System32\wintypes.dll
0x00007ffc02540000 - 0x00007ffc02e5a000 	C:\Windows\SYSTEM32\windows.storage.dll
0x00007ffc06cb0000 - 0x00007ffc06db4000 	C:\Windows\System32\SHCORE.dll
0x00007ffc06bf0000 - 0x00007ffc06c59000 	C:\Windows\System32\shlwapi.dll
0x00007ffc045b0000 - 0x00007ffc045d5000 	C:\Windows\SYSTEM32\profapi.dll
0x00007ffbe7fe0000 - 0x00007ffbe7ff8000 	c:\Users\quyen\.vscode\extensions\redhat.java-1.53.0-win32-x64\jre\21.0.10-win32-x86_64\bin\zip.dll
0x00007ffbf1e80000 - 0x00007ffbf1e90000 	C:\Users\quyen\.vscode\extensions\redhat.java-1.53.0-win32-x64\jre\21.0.10-win32-x86_64\bin\net.dll
0x00007ffc000c0000 - 0x00007ffc001ec000 	C:\Windows\SYSTEM32\WINHTTP.dll
0x00007ffc03c30000 - 0x00007ffc03c99000 	C:\Windows\system32\mswsock.dll
0x00007ffbe3520000 - 0x00007ffbe3536000 	C:\Users\quyen\.vscode\extensions\redhat.java-1.53.0-win32-x64\jre\21.0.10-win32-x86_64\bin\nio.dll
0x00007ffbf0560000 - 0x00007ffbf0570000 	c:\Users\quyen\.vscode\extensions\redhat.java-1.53.0-win32-x64\jre\21.0.10-win32-x86_64\bin\verify.dll
0x00007ffbd93e0000 - 0x00007ffbd9425000 	C:\Users\quyen\AppData\Roaming\Code\User\globalStorage\redhat.java\1.53.0\config_win\org.eclipse.equinox.launcher\org.eclipse.equinox.launcher.win32.win32.x86_64_1.3.0.v20260203-2149\eclipse_11919.dll
0x00007ffc05890000 - 0x00007ffc05a31000 	C:\Windows\System32\ole32.dll
0x00007ffbf1900000 - 0x00007ffbf190a000 	C:\Users\quyen\.vscode\extensions\redhat.java-1.53.0-win32-x64\jre\21.0.10-win32-x86_64\bin\management.dll
0x00007ffbf1250000 - 0x00007ffbf125c000 	C:\Users\quyen\.vscode\extensions\redhat.java-1.53.0-win32-x64\jre\21.0.10-win32-x86_64\bin\management_ext.dll
0x00007ffc06ca0000 - 0x00007ffc06ca8000 	C:\Windows\System32\PSAPI.DLL
0x00007ffc03e90000 - 0x00007ffc03eab000 	C:\Windows\SYSTEM32\CRYPTSP.dll
0x00007ffc03680000 - 0x00007ffc036b7000 	C:\Windows\system32\rsaenh.dll
0x00007ffc03d20000 - 0x00007ffc03d48000 	C:\Windows\SYSTEM32\USERENV.dll
0x00007ffc03e80000 - 0x00007ffc03e8c000 	C:\Windows\SYSTEM32\CRYPTBASE.dll
0x00007ffc03130000 - 0x00007ffc0315d000 	C:\Windows\SYSTEM32\IPHLPAPI.DLL
0x00007ffc07160000 - 0x00007ffc07169000 	C:\Windows\System32\NSI.dll
0x00007ffbb7070000 - 0x00007ffbb70b9000 	C:\Users\quyen\AppData\Local\Temp\jna-107962942\jna18146245770293729050.dll
0x00007ffbfff30000 - 0x00007ffbfff49000 	C:\Windows\SYSTEM32\dhcpcsvc6.DLL
0x00007ffbfff10000 - 0x00007ffbfff2f000 	C:\Windows\SYSTEM32\dhcpcsvc.DLL
0x00007ffbf0f60000 - 0x00007ffbf0f6e000 	C:\Users\quyen\.vscode\extensions\redhat.java-1.53.0-win32-x64\jre\21.0.10-win32-x86_64\bin\sunmscapi.dll
0x00007ffc04680000 - 0x00007ffc047e8000 	C:\Windows\System32\CRYPT32.dll
0x00007ffc04020000 - 0x00007ffc0404e000 	C:\Windows\SYSTEM32\ncrypt.dll
0x00007ffc03fe0000 - 0x00007ffc04017000 	C:\Windows\SYSTEM32\NTASN1.dll
0x00007ffc03160000 - 0x00007ffc03258000 	C:\Windows\SYSTEM32\DNSAPI.dll
0x00007ffbfb8e0000 - 0x00007ffbfb8ea000 	C:\Windows\System32\rasadhlp.dll
0x00007ffbfd250000 - 0x00007ffbfd2d4000 	C:\Windows\System32\fwpuclnt.dll
0x00007ffbf0c50000 - 0x00007ffbf0c59000 	C:\Users\quyen\.vscode\extensions\redhat.java-1.53.0-win32-x64\jre\21.0.10-win32-x86_64\bin\extnet.dll

JVMTI agents:
c:\Users\quyen\.vscode\extensions\redhat.java-1.53.0-win32-x64\lombok\lombok-1.18.39-4050.jar path:c:\Users\quyen\.vscode\extensions\redhat.java-1.53.0-win32-x64\jre\21.0.10-win32-x86_64\bin\instrument.dll, loaded, initialized, instrumentlib options:none

dbghelp: loaded successfully - version: 4.0.5 - missing functions: none
symbol engine: initialized successfully - sym options: 0x614 - pdb path: .;c:\Users\quyen\.vscode\extensions\redhat.java-1.53.0-win32-x64\jre\21.0.10-win32-x86_64\bin;C:\Windows\SYSTEM32;C:\Windows\WinSxS\amd64_microsoft.windows.common-controls_6595b64144ccf1df_6.0.22621.6060_none_2712eda17382d24b;c:\Users\quyen\.vscode\extensions\redhat.java-1.53.0-win32-x64\jre\21.0.10-win32-x86_64\bin\server;C:\Users\quyen\AppData\Roaming\Code\User\globalStorage\redhat.java\1.53.0\config_win\org.eclipse.equinox.launcher\org.eclipse.equinox.launcher.win32.win32.x86_64_1.3.0.v20260203-2149;C:\Users\quyen\AppData\Local\Temp\jna-107962942

VM Arguments:
jvm_args: --add-modules=ALL-SYSTEM --add-opens=java.base/java.util=ALL-UNNAMED --add-opens=java.base/java.lang=ALL-UNNAMED --add-opens=java.base/sun.nio.fs=ALL-UNNAMED -Declipse.application=org.eclipse.jdt.ls.core.id1 -Dosgi.bundles.defaultStartLevel=4 -Declipse.product=org.eclipse.jdt.ls.core.product -Djava.import.generatesMetadataFilesAtProjectRoot=false -DDetectVMInstallationsJob.disabled=true -Dfile.encoding=utf8 -XX:+UseParallelGC -XX:GCTimeRatio=4 -XX:AdaptiveSizePolicyWeight=90 -Dsun.zip.disableMemoryMapping=true -Xmx2G -Xms100m -Xlog:disable -javaagent:c:\Users\quyen\.vscode\extensions\redhat.java-1.53.0-win32-x64\lombok\lombok-1.18.39-4050.jar -XX:+HeapDumpOnOutOfMemoryError -XX:HeapDumpPath=c:\Users\quyen\AppData\Roaming\Code\User\workspaceStorage\d5fe8ed3e983187651f215046a6fcea9\redhat.java -Daether.dependencyCollector.impl=bf 
java_command: c:\Users\quyen\.vscode\extensions\redhat.java-1.53.0-win32-x64\server\plugins\org.eclipse.equinox.launcher_1.7.100.v20251111-0406.jar -configuration c:\Users\quyen\AppData\Roaming\Code\User\globalStorage\redhat.java\1.53.0\config_win -data c:\Users\quyen\AppData\Roaming\Code\User\workspaceStorage\d5fe8ed3e983187651f215046a6fcea9\redhat.java\jdt_ws --pipe=\\.\pipe\lsp-39e91c7065cff6dbe62cf5ed5fecde9f-sock
java_class_path (initial): c:\Users\quyen\.vscode\extensions\redhat.java-1.53.0-win32-x64\server\plugins\org.eclipse.equinox.launcher_1.7.100.v20251111-0406.jar
Launcher Type: SUN_STANDARD

[Global flags]
    uintx AdaptiveSizePolicyWeight                 = 90                                        {product} {command line}
     intx CICompilerCount                          = 3                                         {product} {ergonomic}
    uintx GCTimeRatio                              = 4                                         {product} {command line}
     bool HeapDumpOnOutOfMemoryError               = true                                   {manageable} {command line}
    ccstr HeapDumpPath                             = c:\Users\quyen\AppData\Roaming\Code\User\workspaceStorage\d5fe8ed3e983187651f215046a6fcea9\redhat.java         {manageable} {command line}
   size_t InitialHeapSize                          = 104857600                                 {product} {command line}
   size_t MaxHeapSize                              = 2147483648                                {product} {command line}
   size_t MaxNewSize                               = 715653120                                 {product} {ergonomic}
   size_t MinHeapDeltaBytes                        = 524288                                    {product} {ergonomic}
   size_t MinHeapSize                              = 104857600                                 {product} {command line}
   size_t NewSize                                  = 34603008                                  {product} {ergonomic}
    uintx NonNMethodCodeHeapSize                   = 5832780                                {pd product} {ergonomic}
    uintx NonProfiledCodeHeapSize                  = 122912730                              {pd product} {ergonomic}
   size_t OldSize                                  = 70254592                                  {product} {ergonomic}
    uintx ProfiledCodeHeapSize                     = 122912730                              {pd product} {ergonomic}
    uintx ReservedCodeCacheSize                    = 251658240                              {pd product} {ergonomic}
     bool SegmentedCodeCache                       = true                                      {product} {ergonomic}
   size_t SoftMaxHeapSize                          = 2147483648                             {manageable} {ergonomic}
     bool UseCompressedOops                        = true                           {product lp64_product} {ergonomic}
     bool UseLargePagesIndividualAllocation        = false                                  {pd product} {ergonomic}
     bool UseParallelGC                            = true                                      {product} {command line}

Logging:
Log output configuration:
 #0: stdout all=off uptime,level,tags foldmultilines=false
 #1: stderr all=off uptime,level,tags foldmultilines=false

Release file:
JAVA_VERSION="21.0.10" 
MODULES="java.base java.compiler java.datatransfer java.xml java.prefs java.desktop java.instrument java.logging java.management java.security.sasl java.naming java.rmi java.management.rmi java.net.http java.scripting java.security.jgss java.transaction.xa java.sql java.sql.rowset java.xml.crypto java.se java.smartcardio jdk.accessibility jdk.internal.jvmstat jdk.attach jdk.charsets jdk.internal.opt jdk.zipfs jdk.compiler jdk.crypto.ec jdk.crypto.cryptoki jdk.crypto.mscapi jdk.dynalink jdk.internal.ed jdk.editpad jdk.hotspot.agent jdk.httpserver jdk.internal.le jdk.internal.vm.ci jdk.internal.vm.compiler jdk.internal.vm.compiler.management jdk.jartool jdk.javadoc jdk.jcmd jdk.management jdk.management.agent jdk.jconsole jdk.jdeps jdk.jdwp.agent jdk.jdi jdk.jfr jdk.jshell jdk.jsobject jdk.jstatd jdk.localedata jdk.management.jfr jdk.naming.dns jdk.naming.rmi jdk.net jdk.nio.mapmode jdk.random jdk.sctp jdk.security.auth jdk.security.jgss jdk.unsupported jdk.unsupported.desktop jdk.xml.dom" 

Environment Variables:
JAVA_HOME=C:\Program Files\Java\jdk-25.0.2
PATH=C:\Program Files\Common Files\Oracle\Java\javapath;C:\Program Files\Java\jdk-21\bin;C:\Windows\system32;C:\Windows;C:\Windows\System32\Wbem;C:\Windows\System32\WindowsPowerShell\v1.0\;C:\Windows\System32\OpenSSH\;C:\Program Files\dotnet\;“C:\Program Files (x86)\mingw-w64\i686-8.1.0-posix-dwarf-rt_v6-rev0\mingw32\bin”;C:\mingw64;C:\mingw64\bin;C:\Program Files\Git\cmd;C:\Program Files\Cloudflare\Cloudflare WARP\;C:\ProgramData\chocolatey\bin;C:\Program Files\nodejs\;D:\Downloads\apache-maven-3.9.11-bin\apache-maven-3.9.11\bin;C:\Program Files\mosquitto\;C:\Program Files\Docker\Docker\resources\bin;C:\Program Files (x86)\Microsoft SQL Server\170\Tools\Binn\;C:\Program Files\Microsoft SQL Server\170\Tools\Binn\;C:\Program Files\Microsoft SQL Server\Client SDK\ODBC\180\Tools\Binn\;C:\Program Files\Microsoft SQL Server\170\DTS\Binn\;D:\Maven\bin;D:\gradle-9.4.1-bin\gradle-9.4.1\bin;D:\Apps\Python\Scripts\;D:\Apps\Python\;C:\Program Files\Java\jdk-21\bin;C:\Users\quyen\AppData\Local\Microsoft\WindowsApps;C:\Users\quyen\AppData\Local\JetBrains\PyCharm Community Edition 2024.1.1\bin;;C:\Program Files\JetBrains\JetBrains Rider 2024.2.7\bin;;C:\mingw64\bin;C:\Users\quyen\AppData\Roaming\npm;D:\antigravity\Antigravity\bin
USERNAME=quyen
OS=Windows_NT
PROCESSOR_IDENTIFIER=Intel64 Family 6 Model 140 Stepping 1, GenuineIntel
TMP=C:\Users\quyen\AppData\Local\Temp
TEMP=C:\Users\quyen\AppData\Local\Temp




Periodic native trim disabled

---------------  S Y S T E M  ---------------

OS:
 Windows 11 , 64 bit Build 22621 (10.0.22621.5415)
OS uptime: 21 days 19:31 hours
Hyper-V role detected

CPU: total 4 (initial active 4) (2 cores per cpu, 2 threads per core) family 6 model 140 stepping 1 microcode 0xbe, cx8, cmov, fxsr, ht, mmx, 3dnowpref, sse, sse2, sse3, ssse3, sse4.1, sse4.2, popcnt, lzcnt, tsc, tscinvbit, avx, avx2, aes, erms, clmul, bmi1, bmi2, adx, avx512f, avx512dq, avx512cd, avx512bw, avx512vl, sha, fma, vzeroupper, avx512_vpopcntdq, avx512_vpclmulqdq, avx512_vaes, avx512_vnni, clflush, clflushopt, clwb, avx512_vbmi2, avx512_vbmi, hv, rdtscp, rdpid, fsrm, gfni, avx512_bitalg, f16c, cet_ibt, cet_ss, avx512_ifma
Processor Information for the first 4 processors :
  Max Mhz: 2995, Current Mhz: 2995, Mhz Limit: 2995

Memory: 4k page, system-wide physical 7930M (289M free)
TotalPageFile size 20180M (AvailPageFile size 11M)
current process WorkingSet (physical memory assigned to process): 294M, peak: 806M
current process commit charge ("private bytes"): 1112M, peak: 1666M

vm_info: OpenJDK 64-Bit Server VM (21.0.10+7-LTS) for windows-amd64 JRE (21.0.10+7-LTS), built on 2026-01-20T00:00:00Z by "admin" with MS VC++ 17.12 (VS2022)

END.
